<?xml version="1.0" encoding="UTF-8"?>
<testsuite name="com.mindex.challenge.service.impl.ReportingStructureServiceImplTest" tests="1" skipped="0" failures="0" errors="0" timestamp="2022-10-24T00:43:42" hostname="jasmine-macbook-pro.local" time="0.734">
  <properties/>
  <testcase name="testRead" classname="com.mindex.challenge.service.impl.ReportingStructureServiceImplTest" time="0.734"/>
  <system-out><![CDATA[2022-10-23 20:43:37.959  INFO 53760 --- [    Test worker] .b.t.c.SpringBootTestContextBootstrapper : Neither @ContextConfiguration nor @ContextHierarchy found for test class [com.mindex.challenge.service.impl.ReportingStructureServiceImplTest], using SpringBootContextLoader
2022-10-23 20:43:37.971  INFO 53760 --- [    Test worker] o.s.t.c.support.AbstractContextLoader    : Could not detect default resource locations for test class [com.mindex.challenge.service.impl.ReportingStructureServiceImplTest]: no resource found for suffixes {-context.xml, Context.groovy}.
2022-10-23 20:43:37.972  INFO 53760 --- [    Test worker] t.c.s.AnnotationConfigContextLoaderUtils : Could not detect default configuration classes for test class [com.mindex.challenge.service.impl.ReportingStructureServiceImplTest]: ReportingStructureServiceImplTest does not declare any static, non-private, non-final, nested classes annotated with @Configuration.
2022-10-23 20:43:38.011  INFO 53760 --- [    Test worker] .b.t.c.SpringBootTestContextBootstrapper : Found @SpringBootConfiguration com.mindex.challenge.ChallengeApplication for test class com.mindex.challenge.service.impl.ReportingStructureServiceImplTest
2022-10-23 20:43:38.024  INFO 53760 --- [    Test worker] .b.t.c.SpringBootTestContextBootstrapper : Loaded default TestExecutionListener class names from location [META-INF/spring.factories]: [org.springframework.boot.test.autoconfigure.restdocs.RestDocsTestExecutionListener, org.springframework.boot.test.autoconfigure.web.client.MockRestServiceServerResetTestExecutionListener, org.springframework.boot.test.autoconfigure.web.servlet.MockMvcPrintOnlyOnFailureTestExecutionListener, org.springframework.boot.test.autoconfigure.web.servlet.WebDriverTestExecutionListener, org.springframework.boot.test.mock.mockito.MockitoTestExecutionListener, org.springframework.boot.test.mock.mockito.ResetMocksTestExecutionListener, org.springframework.test.context.web.ServletTestExecutionListener, org.springframework.test.context.support.DirtiesContextBeforeModesTestExecutionListener, org.springframework.test.context.support.DependencyInjectionTestExecutionListener, org.springframework.test.context.support.DirtiesContextTestExecutionListener, org.springframework.test.context.transaction.TransactionalTestExecutionListener, org.springframework.test.context.jdbc.SqlScriptsTestExecutionListener, org.springframework.test.context.event.EventPublishingTestExecutionListener]
2022-10-23 20:43:38.025  INFO 53760 --- [    Test worker] .b.t.c.SpringBootTestContextBootstrapper : Using TestExecutionListeners: [org.springframework.test.context.web.ServletTestExecutionListener@7cbad1c0, org.springframework.test.context.support.DirtiesContextBeforeModesTestExecutionListener@1f9e395d, org.springframework.boot.test.mock.mockito.MockitoTestExecutionListener@18303894, org.springframework.boot.test.autoconfigure.SpringBootDependencyInjectionTestExecutionListener@601f99bf, org.springframework.test.context.support.DirtiesContextTestExecutionListener@4a8170ad, org.springframework.test.context.transaction.TransactionalTestExecutionListener@24bbec71, org.springframework.test.context.jdbc.SqlScriptsTestExecutionListener@3d5694ea, org.springframework.test.context.event.EventPublishingTestExecutionListener@2118309e, org.springframework.boot.test.autoconfigure.restdocs.RestDocsTestExecutionListener@60dd2808, org.springframework.boot.test.autoconfigure.web.client.MockRestServiceServerResetTestExecutionListener@1b7e8806, org.springframework.boot.test.autoconfigure.web.servlet.MockMvcPrintOnlyOnFailureTestExecutionListener@1286ae47, org.springframework.boot.test.autoconfigure.web.servlet.WebDriverTestExecutionListener@72fae049, org.springframework.boot.test.mock.mockito.ResetMocksTestExecutionListener@7b6e1b76]

  .   ____          _            __ _ _
 /\\ / ___'_ __ _ _(_)_ __  __ _ \ \ \ \
( ( )\___ | '_ | '_| | '_ \/ _` | \ \ \ \
 \\/  ___)| |_)| | | | | || (_| |  ) ) ) )
  '  |____| .__|_| |_|_| |_\__, | / / / /
 =========|_|==============|___/=/_/_/_/
 :: Spring Boot ::        (v2.2.0.RELEASE)

2022-10-23 20:43:38.127  INFO 53760 --- [    Test worker] .c.s.i.ReportingStructureServiceImplTest : Starting ReportingStructureServiceImplTest on jasmine-macbook-pro.local with PID 53760 (started by jasmine-graber in /Users/jasmine-graber/Downloads/mindex-java-code-challenge)
2022-10-23 20:43:38.128 DEBUG 53760 --- [    Test worker] .c.s.i.ReportingStructureServiceImplTest : Running with Spring Boot v2.2.0.RELEASE, Spring v5.2.0.RELEASE
2022-10-23 20:43:38.133  INFO 53760 --- [    Test worker] .c.s.i.ReportingStructureServiceImplTest : No active profile set, falling back to default profiles: default
2022-10-23 20:43:38.726  INFO 53760 --- [    Test worker] .s.d.r.c.RepositoryConfigurationDelegate : Bootstrapping Spring Data repositories in DEFAULT mode.
2022-10-23 20:43:38.760  INFO 53760 --- [    Test worker] .s.d.r.c.RepositoryConfigurationDelegate : Finished Spring Data repository scanning in 33ms. Found 2 repository interfaces.
2022-10-23 20:43:39.880  INFO 53760 --- [    Test worker] o.s.b.w.embedded.tomcat.TomcatWebServer  : Tomcat initialized with port(s): 0 (http)
2022-10-23 20:43:39.905  INFO 53760 --- [    Test worker] o.apache.catalina.core.StandardService   : Starting service [Tomcat]
2022-10-23 20:43:39.906  INFO 53760 --- [    Test worker] org.apache.catalina.core.StandardEngine  : Starting Servlet engine: [Apache Tomcat/9.0.27]
2022-10-23 20:43:40.159  INFO 53760 --- [    Test worker] o.a.c.c.C.[Tomcat].[localhost].[/]       : Initializing Spring embedded WebApplicationContext
2022-10-23 20:43:40.159  INFO 53760 --- [    Test worker] o.s.web.context.ContextLoader            : Root WebApplicationContext: initialization completed in 2014 ms
2022-10-23 20:43:40.429  INFO 53760 --- [    Test worker] de.bwaldvogel.mongo.MongoServer          : started MongoServer(port: 64856, ssl: false)
2022-10-23 20:43:40.437  INFO 53760 --- [    Test worker] org.mongodb.driver.cluster               : Cluster created with settings {hosts=[127.0.0.1:64856], mode=SINGLE, requiredClusterType=UNKNOWN, serverSelectionTimeout='30000 ms', maxWaitQueueSize=500}
2022-10-23 20:43:40.449  INFO 53760 --- [-server-worker1] d.b.mongo.wire.MongoWireProtocolHandler  : client [id: 0x1aa4f8f5, L:/127.0.0.1:64856 - R:/127.0.0.1:64857] connected
2022-10-23 20:43:40.500  INFO 53760 --- [127.0.0.1:64856] org.mongodb.driver.connection            : Opened connection [connectionId{localValue:3}] to 127.0.0.1:64856
2022-10-23 20:43:40.505  WARN 53760 --- [    Test worker] o.s.data.convert.CustomConversions       : Registering converter from class java.time.LocalDateTime to class java.time.Instant as reading converter although it doesn't convert from a store-supported type! You might wanna check you annotation setup at the converter implementation.
2022-10-23 20:43:40.507  WARN 53760 --- [    Test worker] o.s.data.convert.CustomConversions       : Registering converter from class java.time.Instant to class java.time.LocalDateTime as reading converter although it doesn't convert from a store-supported type! You might wanna check you annotation setup at the converter implementation.
2022-10-23 20:43:40.513  INFO 53760 --- [127.0.0.1:64856] org.mongodb.driver.cluster               : Monitor thread successfully connected to server with description ServerDescription{address=127.0.0.1:64856, type=STANDALONE, state=CONNECTED, ok=true, version=ServerVersion{versionList=[3, 0, 0]}, minWireVersion=0, maxWireVersion=2, maxDocumentSize=16777216, logicalSessionTimeoutMinutes=null, roundTripTimeNanos=8223375}
2022-10-23 20:43:40.519  WARN 53760 --- [    Test worker] o.s.data.convert.CustomConversions       : Registering converter from class java.time.LocalDateTime to class java.time.Instant as reading converter although it doesn't convert from a store-supported type! You might wanna check you annotation setup at the converter implementation.
2022-10-23 20:43:40.519  WARN 53760 --- [    Test worker] o.s.data.convert.CustomConversions       : Registering converter from class java.time.Instant to class java.time.LocalDateTime as reading converter although it doesn't convert from a store-supported type! You might wanna check you annotation setup at the converter implementation.
2022-10-23 20:43:40.745  INFO 53760 --- [-server-worker2] d.b.mongo.wire.MongoWireProtocolHandler  : client [id: 0x98b4d115, L:/127.0.0.1:64856 - R:/127.0.0.1:64858] connected
2022-10-23 20:43:40.774  INFO 53760 --- [    Test worker] org.mongodb.driver.connection            : Opened connection [connectionId{localValue:4}] to 127.0.0.1:64856
2022-10-23 20:43:40.778  INFO 53760 --- [-server-worker2] d.b.mongo.backend.AbstractMongoBackend   : created database test
2022-10-23 20:43:40.780  INFO 53760 --- [-server-worker2] d.b.mongo.backend.AbstractMongoDatabase  : adding unique _id index for collection employee
2022-10-23 20:43:40.780  INFO 53760 --- [-server-worker2] d.b.mongo.backend.AbstractMongoDatabase  : created collection test.employee
2022-10-23 20:43:41.556  INFO 53760 --- [    Test worker] o.s.s.concurrent.ThreadPoolTaskExecutor  : Initializing ExecutorService 'applicationTaskExecutor'
2022-10-23 20:43:41.973  WARN 53760 --- [    Test worker] o.s.data.convert.CustomConversions       : Registering converter from class java.time.LocalDateTime to class java.time.Instant as reading converter although it doesn't convert from a store-supported type! You might wanna check you annotation setup at the converter implementation.
2022-10-23 20:43:41.978  WARN 53760 --- [    Test worker] o.s.data.convert.CustomConversions       : Registering converter from class java.time.Instant to class java.time.LocalDateTime as reading converter although it doesn't convert from a store-supported type! You might wanna check you annotation setup at the converter implementation.
2022-10-23 20:43:42.023  WARN 53760 --- [    Test worker] o.s.data.convert.CustomConversions       : Registering converter from class java.time.LocalDateTime to class java.time.Instant as reading converter although it doesn't convert from a store-supported type! You might wanna check you annotation setup at the converter implementation.
2022-10-23 20:43:42.023  WARN 53760 --- [    Test worker] o.s.data.convert.CustomConversions       : Registering converter from class java.time.Instant to class java.time.LocalDateTime as reading converter although it doesn't convert from a store-supported type! You might wanna check you annotation setup at the converter implementation.
2022-10-23 20:43:42.281  INFO 53760 --- [    Test worker] o.s.b.w.embedded.tomcat.TomcatWebServer  : Tomcat started on port(s): 64859 (http) with context path ''
2022-10-23 20:43:42.288  INFO 53760 --- [    Test worker] .c.s.i.ReportingStructureServiceImplTest : Started ReportingStructureServiceImplTest in 4.252 seconds (JVM running for 15.084)
2022-10-23 20:43:42.677  INFO 53760 --- [o-auto-1-exec-1] o.a.c.c.C.[Tomcat].[localhost].[/]       : Initializing Spring DispatcherServlet 'dispatcherServlet'
2022-10-23 20:43:42.680  INFO 53760 --- [o-auto-1-exec-1] o.s.web.servlet.DispatcherServlet        : Initializing Servlet 'dispatcherServlet'
2022-10-23 20:43:42.774  INFO 53760 --- [o-auto-1-exec-1] o.s.web.servlet.DispatcherServlet        : Completed initialization in 93 ms
2022-10-23 20:43:42.952 DEBUG 53760 --- [o-auto-1-exec-1] c.m.c.c.ReportingStructureController     : Received reporting structure read request for employeeId [b7839309-3348-463b-a7e3-5de1c168beb3]
2022-10-23 20:43:42.955 DEBUG 53760 --- [o-auto-1-exec-1] c.m.c.s.i.ReportingStructureServiceImpl  : Reading reporting structure with id: [b7839309-3348-463b-a7e3-5de1c168beb3]
]]></system-out>
  <system-err><![CDATA[]]></system-err>
</testsuite>
